<?xml version="1.0" encoding="UTF-8"?>
<testng-results skipped="0" failed="0" ignored="0" total="1" passed="1">
  <reporter-output>
  </reporter-output>
  <suite name="Default suite" duration-ms="45" started-at="2018-03-12T09:57:24Z" finished-at="2018-03-12T09:57:24Z">
    <groups>
    </groups>
    <test name="Default test" duration-ms="45" started-at="2018-03-12T09:57:24Z" finished-at="2018-03-12T09:57:24Z">
      <class name="Demo">
        <test-method status="PASS" signature="testEmailGenerator()[pri:0, instance:Demo@718207]" name="testEmailGenerator" duration-ms="10" started-at="2018-03-12T09:57:24Z" finished-at="2018-03-12T09:57:24Z">
          <reporter-output>
          </reporter-output>
        </test-method> <!-- testEmailGenerator -->
      </class> <!-- Demo -->
    </test> <!-- Default test -->
  </suite> <!-- Default suite -->
</testng-results>
